<?xml version="1.0" encoding="UTF-8"?>
<!-- Generated by org.testng.reporters.JUnitXMLReporter -->
<testsuite ignored="0" hostname="My-Everything" failures="0" tests="3" name="Default test" time="4.901" errors="0" timestamp="2022-06-18T07:10:43 IST">
  <testcase classname="test_package.Homepage_Test" name="VerifyTitleTest" time="0.018"/>
  <testcase classname="test_package.Homepage_Test" name="VerifyUrlTest" time="0.002"/>
  <testcase classname="test_package.Homepage_Test" name="searchProduct" time="0.423"/>
</testsuite> <!-- Default test -->
